0 info it worked if it ends with ok
1 verbose cli [ '/Users/jake_teton-landis/Dotfiles/zsh/plugins/nvm/versions/node/v4.2.1/bin/node',
1 verbose cli   '/Users/jake_teton-landis/.dotfiles/zsh/plugins/nvm/versions/node/v4.2.1/bin/npm',
1 verbose cli   'run',
1 verbose cli   'go',
1 verbose cli   '1 + 2*35 / 1d5' ]
2 info using npm@2.14.7
3 info using node@v4.2.1
4 verbose run-script [ 'prego', 'go', 'postgo' ]
5 info prego @
6 info go @
7 verbose unsafe-perm in lifecycle true
8 info @ Failed to exec go script
9 verbose stack Error: @ go: `npm run build && node index.js "1 + 2*35 / 1d5"`
9 verbose stack Exit status 1
9 verbose stack     at EventEmitter.<anonymous> (/Users/jake_teton-landis/Dotfiles/zsh/plugins/nvm/versions/node/v4.2.1/lib/node_modules/npm/lib/utils/lifecycle.js:214:16)
9 verbose stack     at emitTwo (events.js:87:13)
9 verbose stack     at EventEmitter.emit (events.js:172:7)
9 verbose stack     at ChildProcess.<anonymous> (/Users/jake_teton-landis/Dotfiles/zsh/plugins/nvm/versions/node/v4.2.1/lib/node_modules/npm/lib/utils/spawn.js:24:14)
9 verbose stack     at emitTwo (events.js:87:13)
9 verbose stack     at ChildProcess.emit (events.js:172:7)
9 verbose stack     at maybeClose (internal/child_process.js:818:16)
9 verbose stack     at Process.ChildProcess._handle.onexit (internal/child_process.js:211:5)
10 verbose pkgid @
11 verbose cwd /Users/jake_teton-landis/src/dice2
12 error Darwin 14.5.0
13 error argv "/Users/jake_teton-landis/Dotfiles/zsh/plugins/nvm/versions/node/v4.2.1/bin/node" "/Users/jake_teton-landis/.dotfiles/zsh/plugins/nvm/versions/node/v4.2.1/bin/npm" "run" "go" "1 + 2*35 / 1d5"
14 error node v4.2.1
15 error npm  v2.14.7
16 error code ELIFECYCLE
17 error @ go: `npm run build && node index.js "1 + 2*35 / 1d5"`
17 error Exit status 1
18 error Failed at the @ go script 'npm run build && node index.js "1 + 2*35 / 1d5"'.
18 error This is most likely a problem with the  package,
18 error not with npm itself.
18 error Tell the author that this fails on your system:
18 error     npm run build && node index.js "1 + 2*35 / 1d5"
18 error You can get their info via:
18 error     npm owner ls
18 error There is likely additional logging output above.
19 verbose exit [ 1, true ]
